<?xml version="1.0" encoding="UTF-8"?>
<coverage generated="1761375374588" clover="3.2.0">
  <project timestamp="1761375374588" name="All files">
    <metrics statements="296" coveredstatements="296" conditionals="103" coveredconditionals="96" methods="15" coveredmethods="15" elements="414" coveredelements="407" complexity="0" loc="296" ncloc="296" packages="1" files="1" classes="1"/>
    <file name="Booking.js" path="D:\Yna\Study\TERM_5\SWP391\ai13-ai4se\src\Booking.js">
      <metrics statements="296" coveredstatements="296" conditionals="103" coveredconditionals="96" methods="15" coveredmethods="15"/>
      <line num="1" count="1" type="stmt"/>
      <line num="2" count="1" type="stmt"/>
      <line num="3" count="1" type="stmt"/>
      <line num="4" count="1" type="stmt"/>
      <line num="5" count="1" type="stmt"/>
      <line num="6" count="1" type="stmt"/>
      <line num="7" count="1" type="stmt"/>
      <line num="8" count="1" type="stmt"/>
      <line num="9" count="1" type="stmt"/>
      <line num="10" count="1" type="stmt"/>
      <line num="11" count="1" type="stmt"/>
      <line num="12" count="1" type="stmt"/>
      <line num="13" count="1" type="stmt"/>
      <line num="14" count="1" type="stmt"/>
      <line num="15" count="1" type="stmt"/>
      <line num="16" count="1" type="stmt"/>
      <line num="17" count="1" type="cond" truecount="1" falsecount="0"/>
      <line num="18" count="90" type="stmt"/>
      <line num="19" count="90" type="stmt"/>
      <line num="20" count="90" type="stmt"/>
      <line num="21" count="90" type="stmt"/>
      <line num="22" count="90" type="stmt"/>
      <line num="23" count="90" type="stmt"/>
      <line num="24" count="90" type="stmt"/>
      <line num="25" count="90" type="stmt"/>
      <line num="26" count="90" type="stmt"/>
      <line num="27" count="90" type="stmt"/>
      <line num="28" count="90" type="stmt"/>
      <line num="29" count="90" type="stmt"/>
      <line num="30" count="90" type="stmt"/>
      <line num="31" count="90" type="stmt"/>
      <line num="32" count="90" type="stmt"/>
      <line num="33" count="90" type="stmt"/>
      <line num="34" count="90" type="stmt"/>
      <line num="35" count="90" type="stmt"/>
      <line num="36" count="90" type="stmt"/>
      <line num="37" count="90" type="stmt"/>
      <line num="38" count="90" type="stmt"/>
      <line num="39" count="90" type="stmt"/>
      <line num="40" count="90" type="stmt"/>
      <line num="41" count="90" type="cond" truecount="1" falsecount="0"/>
      <line num="42" count="90" type="stmt"/>
      <line num="43" count="90" type="stmt"/>
      <line num="44" count="90" type="stmt"/>
      <line num="45" count="90" type="stmt"/>
      <line num="46" count="90" type="stmt"/>
      <line num="47" count="90" type="stmt"/>
      <line num="48" count="90" type="stmt"/>
      <line num="49" count="90" type="stmt"/>
      <line num="50" count="90" type="stmt"/>
      <line num="51" count="90" type="stmt"/>
      <line num="52" count="90" type="stmt"/>
      <line num="53" count="90" type="stmt"/>
      <line num="54" count="90" type="stmt"/>
      <line num="55" count="90" type="stmt"/>
      <line num="56" count="90" type="stmt"/>
      <line num="57" count="90" type="stmt"/>
      <line num="58" count="90" type="stmt"/>
      <line num="59" count="90" type="stmt"/>
      <line num="60" count="90" type="stmt"/>
      <line num="61" count="90" type="stmt"/>
      <line num="62" count="90" type="stmt"/>
      <line num="63" count="90" type="stmt"/>
      <line num="64" count="90" type="stmt"/>
      <line num="65" count="90" type="stmt"/>
      <line num="66" count="90" type="stmt"/>
      <line num="67" count="90" type="stmt"/>
      <line num="68" count="90" type="stmt"/>
      <line num="69" count="90" type="stmt"/>
      <line num="70" count="90" type="stmt"/>
      <line num="71" count="90" type="stmt"/>
      <line num="72" count="90" type="stmt"/>
      <line num="73" count="90" type="stmt"/>
      <line num="74" count="90" type="stmt"/>
      <line num="75" count="90" type="stmt"/>
      <line num="76" count="90" type="stmt"/>
      <line num="77" count="90" type="stmt"/>
      <line num="78" count="90" type="stmt"/>
      <line num="79" count="90" type="stmt"/>
      <line num="80" count="90" type="stmt"/>
      <line num="81" count="90" type="stmt"/>
      <line num="82" count="90" type="stmt"/>
      <line num="83" count="90" type="stmt"/>
      <line num="84" count="90" type="stmt"/>
      <line num="85" count="90" type="stmt"/>
      <line num="86" count="90" type="stmt"/>
      <line num="87" count="90" type="stmt"/>
      <line num="88" count="90" type="stmt"/>
      <line num="89" count="90" type="stmt"/>
      <line num="90" count="90" type="stmt"/>
      <line num="91" count="90" type="stmt"/>
      <line num="92" count="90" type="stmt"/>
      <line num="93" count="90" type="stmt"/>
      <line num="94" count="90" type="cond" truecount="1" falsecount="0"/>
      <line num="95" count="90" type="cond" truecount="1" falsecount="0"/>
      <line num="96" count="90" type="stmt"/>
      <line num="97" count="90" type="stmt"/>
      <line num="98" count="90" type="stmt"/>
      <line num="99" count="90" type="stmt"/>
      <line num="100" count="90" type="cond" truecount="1" falsecount="0"/>
      <line num="101" count="8" type="stmt"/>
      <line num="102" count="8" type="stmt"/>
      <line num="103" count="8" type="stmt"/>
      <line num="104" count="8" type="stmt"/>
      <line num="105" count="8" type="stmt"/>
      <line num="106" count="8" type="cond" truecount="2" falsecount="0"/>
      <line num="107" count="8" type="cond" truecount="2" falsecount="0"/>
      <line num="108" count="8" type="cond" truecount="1" falsecount="0"/>
      <line num="109" count="8" type="cond" truecount="1" falsecount="0"/>
      <line num="110" count="8" type="stmt"/>
      <line num="111" count="90" type="stmt"/>
      <line num="112" count="90" type="cond" truecount="1" falsecount="0"/>
      <line num="113" count="9" type="cond" truecount="1" falsecount="0"/>
      <line num="114" count="9" type="cond" truecount="2" falsecount="0"/>
      <line num="115" count="6" type="stmt"/>
      <line num="116" count="6" type="stmt"/>
      <line num="117" count="9" type="cond" truecount="2" falsecount="0"/>
      <line num="118" count="5" type="stmt"/>
      <line num="119" count="9" type="cond" truecount="1" falsecount="0"/>
      <line num="120" count="9" type="cond" truecount="1" falsecount="0"/>
      <line num="121" count="2" type="stmt"/>
      <line num="122" count="2" type="stmt"/>
      <line num="123" count="9" type="stmt"/>
      <line num="124" count="90" type="stmt"/>
      <line num="125" count="90" type="cond" truecount="1" falsecount="0"/>
      <line num="126" count="5" type="cond" truecount="0" falsecount="1"/>
      <line num="127" count="5" type="stmt"/>
      <line num="128" count="5" type="cond" truecount="0" falsecount="1"/>
      <line num="129" count="5" type="stmt"/>
      <line num="130" count="5" type="stmt"/>
      <line num="131" count="5" type="stmt"/>
      <line num="132" count="5" type="stmt"/>
      <line num="133" count="5" type="stmt"/>
      <line num="134" count="5" type="cond" truecount="1" falsecount="0"/>
      <line num="135" count="5" type="cond" truecount="2" falsecount="0"/>
      <line num="136" count="4" type="stmt"/>
      <line num="137" count="4" type="stmt"/>
      <line num="138" count="4" type="stmt"/>
      <line num="139" count="4" type="stmt"/>
      <line num="140" count="5" type="cond" truecount="2" falsecount="0"/>
      <line num="141" count="3" type="stmt"/>
      <line num="142" count="3" type="stmt"/>
      <line num="143" count="3" type="stmt"/>
      <line num="144" count="5" type="cond" truecount="2" falsecount="0"/>
      <line num="145" count="2" type="stmt"/>
      <line num="146" count="2" type="stmt"/>
      <line num="147" count="2" type="stmt"/>
      <line num="148" count="5" type="cond" truecount="1" falsecount="0"/>
      <line num="149" count="5" type="stmt"/>
      <line num="150" count="90" type="stmt"/>
      <line num="151" count="90" type="stmt"/>
      <line num="152" count="90" type="cond" truecount="1" falsecount="0"/>
      <line num="153" count="10" type="stmt"/>
      <line num="154" count="10" type="stmt"/>
      <line num="155" count="10" type="stmt"/>
      <line num="156" count="10" type="stmt"/>
      <line num="157" count="10" type="stmt"/>
      <line num="158" count="10" type="cond" truecount="2" falsecount="0"/>
      <line num="159" count="2" type="stmt"/>
      <line num="160" count="2" type="cond" truecount="0" falsecount="1"/>
      <line num="161" count="2" type="stmt"/>
      <line num="162" count="2" type="stmt"/>
      <line num="163" count="10" type="cond" truecount="1" falsecount="0"/>
      <line num="164" count="8" type="stmt"/>
      <line num="165" count="8" type="cond" truecount="1" falsecount="0"/>
      <line num="166" count="8" type="cond" truecount="2" falsecount="0"/>
      <line num="167" count="6" type="stmt"/>
      <line num="168" count="6" type="stmt"/>
      <line num="169" count="6" type="cond" truecount="2" falsecount="0"/>
      <line num="170" count="6" type="stmt"/>
      <line num="171" count="8" type="cond" truecount="1" falsecount="0"/>
      <line num="172" count="8" type="cond" truecount="1" falsecount="0"/>
      <line num="173" count="5" type="stmt"/>
      <line num="174" count="5" type="stmt"/>
      <line num="175" count="10" type="cond" truecount="1" falsecount="0"/>
      <line num="176" count="10" type="stmt"/>
      <line num="177" count="90" type="stmt"/>
      <line num="178" count="90" type="cond" truecount="1" falsecount="0"/>
      <line num="179" count="7" type="cond" truecount="1" falsecount="0"/>
      <line num="180" count="7" type="cond" truecount="2" falsecount="0"/>
      <line num="181" count="4" type="stmt"/>
      <line num="182" count="4" type="cond" truecount="1" falsecount="0"/>
      <line num="183" count="7" type="cond" truecount="1" falsecount="0"/>
      <line num="184" count="9" type="stmt"/>
      <line num="185" count="9" type="cond" truecount="1" falsecount="0"/>
      <line num="186" count="9" type="cond" truecount="1" falsecount="0"/>
      <line num="187" count="3" type="stmt"/>
      <line num="188" count="3" type="cond" truecount="1" falsecount="0"/>
      <line num="189" count="2" type="stmt"/>
      <line num="190" count="90" type="stmt"/>
      <line num="191" count="90" type="cond" truecount="1" falsecount="0"/>
      <line num="192" count="4" type="stmt"/>
      <line num="193" count="4" type="stmt"/>
      <line num="194" count="4" type="stmt"/>
      <line num="195" count="4" type="cond" truecount="1" falsecount="0"/>
      <line num="196" count="16" type="stmt"/>
      <line num="197" count="16" type="cond" truecount="1" falsecount="1"/>
      <line num="198" count="16" type="stmt"/>
      <line num="199" count="4" type="stmt"/>
      <line num="200" count="4" type="cond" truecount="1" falsecount="0"/>
      <line num="201" count="12" type="cond" truecount="1" falsecount="0"/>
      <line num="202" count="12" type="stmt"/>
      <line num="203" count="12" type="cond" truecount="1" falsecount="0"/>
      <line num="204" count="12" type="stmt"/>
      <line num="205" count="4" type="stmt"/>
      <line num="206" count="4" type="stmt"/>
      <line num="207" count="4" type="cond" truecount="0" falsecount="1"/>
      <line num="208" count="4" type="stmt"/>
      <line num="209" count="4" type="cond" truecount="0" falsecount="1"/>
      <line num="210" count="4" type="stmt"/>
      <line num="211" count="4" type="stmt"/>
      <line num="212" count="90" type="stmt"/>
      <line num="213" count="90" type="cond" truecount="1" falsecount="0"/>
      <line num="214" count="8" type="cond" truecount="2" falsecount="0"/>
      <line num="215" count="6" type="stmt"/>
      <line num="216" count="6" type="cond" truecount="1" falsecount="0"/>
      <line num="217" count="6" type="stmt"/>
      <line num="218" count="6" type="cond" truecount="1" falsecount="0"/>
      <line num="219" count="6" type="cond" truecount="1" falsecount="0"/>
      <line num="220" count="3" type="stmt"/>
      <line num="221" count="6" type="cond" truecount="1" falsecount="0"/>
      <line num="222" count="6" type="cond" truecount="1" falsecount="0"/>
      <line num="223" count="2" type="stmt"/>
      <line num="224" count="90" type="stmt"/>
      <line num="225" count="90" type="stmt"/>
      <line num="226" count="90" type="stmt"/>
      <line num="227" count="90" type="stmt"/>
      <line num="228" count="90" type="stmt"/>
      <line num="229" count="90" type="cond" truecount="1" falsecount="0"/>
      <line num="230" count="9" type="cond" truecount="1" falsecount="0"/>
      <line num="231" count="9" type="cond" truecount="2" falsecount="0"/>
      <line num="232" count="9" type="cond" truecount="2" falsecount="0"/>
      <line num="233" count="5" type="stmt"/>
      <line num="234" count="5" type="stmt"/>
      <line num="235" count="5" type="stmt"/>
      <line num="236" count="90" type="stmt"/>
      <line num="237" count="90" type="cond" truecount="1" falsecount="0"/>
      <line num="238" count="10" type="cond" truecount="1" falsecount="0"/>
      <line num="239" count="1" type="stmt"/>
      <line num="240" count="1" type="cond" truecount="1" falsecount="0"/>
      <line num="241" count="9" type="stmt"/>
      <line num="242" count="9" type="stmt"/>
      <line num="243" count="9" type="stmt"/>
      <line num="244" count="9" type="stmt"/>
      <line num="245" count="10" type="cond" truecount="1" falsecount="0"/>
      <line num="246" count="12" type="cond" truecount="0" falsecount="1"/>
      <line num="247" count="12" type="stmt"/>
      <line num="248" count="12" type="cond" truecount="2" falsecount="0"/>
      <line num="249" count="11" type="cond" truecount="2" falsecount="0"/>
      <line num="250" count="7" type="stmt"/>
      <line num="251" count="7" type="stmt"/>
      <line num="252" count="7" type="stmt"/>
      <line num="253" count="4" type="cond" truecount="3" falsecount="0"/>
      <line num="254" count="2" type="stmt"/>
      <line num="255" count="2" type="stmt"/>
      <line num="256" count="2" type="stmt"/>
      <line num="257" count="11" type="stmt"/>
      <line num="258" count="12" type="cond" truecount="1" falsecount="0"/>
      <line num="259" count="9" type="stmt"/>
      <line num="260" count="90" type="stmt"/>
      <line num="261" count="90" type="cond" truecount="1" falsecount="0"/>
      <line num="262" count="10" type="cond" truecount="1" falsecount="0"/>
      <line num="263" count="10" type="stmt"/>
      <line num="264" count="10" type="stmt"/>
      <line num="265" count="10" type="stmt"/>
      <line num="266" count="10" type="stmt"/>
      <line num="267" count="10" type="cond" truecount="2" falsecount="0"/>
      <line num="268" count="9" type="stmt"/>
      <line num="269" count="9" type="stmt"/>
      <line num="270" count="10" type="cond" truecount="2" falsecount="0"/>
      <line num="271" count="7" type="stmt"/>
      <line num="272" count="7" type="stmt"/>
      <line num="273" count="7" type="stmt"/>
      <line num="274" count="7" type="stmt"/>
      <line num="275" count="7" type="stmt"/>
      <line num="276" count="7" type="stmt"/>
      <line num="277" count="7" type="stmt"/>
      <line num="278" count="7" type="stmt"/>
      <line num="279" count="7" type="stmt"/>
      <line num="280" count="90" type="stmt"/>
      <line num="281" count="90" type="cond" truecount="1" falsecount="0"/>
      <line num="282" count="11" type="cond" truecount="1" falsecount="0"/>
      <line num="283" count="11" type="cond" truecount="2" falsecount="0"/>
      <line num="284" count="11" type="stmt"/>
      <line num="285" count="11" type="cond" truecount="2" falsecount="0"/>
      <line num="286" count="11" type="cond" truecount="2" falsecount="0"/>
      <line num="287" count="9" type="stmt"/>
      <line num="288" count="9" type="stmt"/>
      <line num="289" count="9" type="stmt"/>
      <line num="290" count="9" type="stmt"/>
      <line num="291" count="9" type="stmt"/>
      <line num="292" count="11" type="cond" truecount="1" falsecount="0"/>
      <line num="293" count="11" type="stmt"/>
      <line num="294" count="90" type="stmt"/>
      <line num="295" count="1" type="stmt"/>
      <line num="296" count="1" type="stmt"/>
    </file>
  </project>
</coverage>
