{"D:\\Yna\\Study\\TERM_5\\SWP391\\ai13-ai4se\\src\\Booking.js": {"path":"D:\\Yna\\Study\\TERM_5\\SWP391\\ai13-ai4se\\src\\Booking.js","all":false,"statementMap":{"0":{"start":{"line":1,"column":0},"end":{"line":1,"column":101}},"1":{"start":{"line":2,"column":0},"end":{"line":2,"column":0}},"2":{"start":{"line":3,"column":0},"end":{"line":3,"column":3}},"3":{"start":{"line":4,"column":0},"end":{"line":4,"column":29}},"4":{"start":{"line":5,"column":0},"end":{"line":5,"column":3}},"5":{"start":{"line":6,"column":0},"end":{"line":6,"column":37}},"6":{"start":{"line":7,"column":0},"end":{"line":7,"column":15}},"7":{"start":{"line":8,"column":0},"end":{"line":8,"column":16}},"8":{"start":{"line":9,"column":0},"end":{"line":9,"column":16}},"9":{"start":{"line":10,"column":0},"end":{"line":10,"column":17}},"10":{"start":{"line":11,"column":0},"end":{"line":11,"column":17}},"11":{"start":{"line":12,"column":0},"end":{"line":12,"column":15}},"12":{"start":{"line":13,"column":0},"end":{"line":13,"column":17}},"13":{"start":{"line":14,"column":0},"end":{"line":14,"column":17}},"14":{"start":{"line":15,"column":0},"end":{"line":15,"column":3}},"15":{"start":{"line":16,"column":0},"end":{"line":16,"column":0}},"16":{"start":{"line":17,"column":0},"end":{"line":17,"column":15}},"17":{"start":{"line":18,"column":0},"end":{"line":18,"column":14}},"18":{"start":{"line":19,"column":0},"end":{"line":19,"column":15}},"19":{"start":{"line":20,"column":0},"end":{"line":20,"column":16}},"20":{"start":{"line":21,"column":0},"end":{"line":21,"column":11}},"21":{"start":{"line":22,"column":0},"end":{"line":22,"column":11}},"22":{"start":{"line":23,"column":0},"end":{"line":23,"column":14}},"23":{"start":{"line":24,"column":0},"end":{"line":24,"column":14}},"24":{"start":{"line":25,"column":0},"end":{"line":25,"column":12}},"25":{"start":{"line":26,"column":0},"end":{"line":26,"column":15}},"26":{"start":{"line":27,"column":0},"end":{"line":27,"column":19}},"27":{"start":{"line":28,"column":0},"end":{"line":28,"column":11}},"28":{"start":{"line":29,"column":0},"end":{"line":29,"column":18}},"29":{"start":{"line":30,"column":0},"end":{"line":30,"column":19}},"30":{"start":{"line":31,"column":0},"end":{"line":31,"column":8}},"31":{"start":{"line":32,"column":0},"end":{"line":32,"column":16}},"32":{"start":{"line":33,"column":0},"end":{"line":33,"column":14}},"33":{"start":{"line":34,"column":0},"end":{"line":34,"column":14}},"34":{"start":{"line":35,"column":0},"end":{"line":35,"column":16}},"35":{"start":{"line":36,"column":0},"end":{"line":36,"column":18}},"36":{"start":{"line":37,"column":0},"end":{"line":37,"column":20}},"37":{"start":{"line":38,"column":0},"end":{"line":38,"column":30}},"38":{"start":{"line":39,"column":0},"end":{"line":39,"column":20}},"39":{"start":{"line":40,"column":0},"end":{"line":40,"column":0}},"40":{"start":{"line":41,"column":0},"end":{"line":41,"column":17}},"41":{"start":{"line":42,"column":0},"end":{"line":42,"column":18}},"42":{"start":{"line":43,"column":0},"end":{"line":43,"column":19}},"43":{"start":{"line":44,"column":0},"end":{"line":44,"column":20}},"44":{"start":{"line":45,"column":0},"end":{"line":45,"column":15}},"45":{"start":{"line":46,"column":0},"end":{"line":46,"column":15}},"46":{"start":{"line":47,"column":0},"end":{"line":47,"column":18}},"47":{"start":{"line":48,"column":0},"end":{"line":48,"column":18}},"48":{"start":{"line":49,"column":0},"end":{"line":49,"column":16}},"49":{"start":{"line":50,"column":0},"end":{"line":50,"column":23}},"50":{"start":{"line":51,"column":0},"end":{"line":51,"column":28}},"51":{"start":{"line":52,"column":0},"end":{"line":52,"column":39}},"52":{"start":{"line":53,"column":0},"end":{"line":53,"column":26}},"53":{"start":{"line":54,"column":0},"end":{"line":54,"column":27}},"54":{"start":{"line":55,"column":0},"end":{"line":55,"column":16}},"55":{"start":{"line":56,"column":0},"end":{"line":56,"column":24}},"56":{"start":{"line":57,"column":0},"end":{"line":57,"column":31}},"57":{"start":{"line":58,"column":0},"end":{"line":58,"column":26}},"58":{"start":{"line":59,"column":0},"end":{"line":59,"column":20}},"59":{"start":{"line":60,"column":0},"end":{"line":60,"column":22}},"60":{"start":{"line":61,"column":0},"end":{"line":61,"column":24}},"61":{"start":{"line":62,"column":0},"end":{"line":62,"column":59}},"62":{"start":{"line":63,"column":0},"end":{"line":63,"column":20}},"63":{"start":{"line":64,"column":0},"end":{"line":64,"column":21}},"64":{"start":{"line":65,"column":0},"end":{"line":65,"column":16}},"65":{"start":{"line":66,"column":0},"end":{"line":66,"column":26}},"66":{"start":{"line":67,"column":0},"end":{"line":67,"column":29}},"67":{"start":{"line":68,"column":0},"end":{"line":68,"column":22}},"68":{"start":{"line":69,"column":0},"end":{"line":69,"column":23}},"69":{"start":{"line":70,"column":0},"end":{"line":70,"column":24}},"70":{"start":{"line":71,"column":0},"end":{"line":71,"column":19}},"71":{"start":{"line":72,"column":0},"end":{"line":72,"column":19}},"72":{"start":{"line":73,"column":0},"end":{"line":73,"column":22}},"73":{"start":{"line":74,"column":0},"end":{"line":74,"column":22}},"74":{"start":{"line":75,"column":0},"end":{"line":75,"column":20}},"75":{"start":{"line":76,"column":0},"end":{"line":76,"column":23}},"76":{"start":{"line":77,"column":0},"end":{"line":77,"column":27}},"77":{"start":{"line":78,"column":0},"end":{"line":78,"column":19}},"78":{"start":{"line":79,"column":0},"end":{"line":79,"column":26}},"79":{"start":{"line":80,"column":0},"end":{"line":80,"column":27}},"80":{"start":{"line":81,"column":0},"end":{"line":81,"column":16}},"81":{"start":{"line":82,"column":0},"end":{"line":82,"column":24}},"82":{"start":{"line":83,"column":0},"end":{"line":83,"column":22}},"83":{"start":{"line":84,"column":0},"end":{"line":84,"column":22}},"84":{"start":{"line":85,"column":0},"end":{"line":85,"column":19}},"85":{"start":{"line":86,"column":0},"end":{"line":86,"column":21}},"86":{"start":{"line":87,"column":0},"end":{"line":87,"column":23}},"87":{"start":{"line":88,"column":0},"end":{"line":88,"column":24}},"88":{"start":{"line":89,"column":0},"end":{"line":89,"column":25}},"89":{"start":{"line":90,"column":0},"end":{"line":90,"column":20}},"90":{"start":{"line":91,"column":0},"end":{"line":91,"column":20}},"91":{"start":{"line":92,"column":0},"end":{"line":92,"column":11}},"92":{"start":{"line":93,"column":0},"end":{"line":93,"column":5}},"93":{"start":{"line":94,"column":0},"end":{"line":94,"column":62}},"94":{"start":{"line":95,"column":0},"end":{"line":95,"column":59}},"95":{"start":{"line":96,"column":0},"end":{"line":96,"column":24}},"96":{"start":{"line":97,"column":0},"end":{"line":97,"column":51}},"97":{"start":{"line":98,"column":0},"end":{"line":98,"column":0}},"98":{"start":{"line":99,"column":0},"end":{"line":99,"column":0}},"99":{"start":{"line":100,"column":0},"end":{"line":100,"column":38}},"100":{"start":{"line":101,"column":0},"end":{"line":101,"column":74}},"101":{"start":{"line":102,"column":0},"end":{"line":102,"column":77}},"102":{"start":{"line":103,"column":0},"end":{"line":103,"column":62}},"103":{"start":{"line":104,"column":0},"end":{"line":104,"column":62}},"104":{"start":{"line":105,"column":0},"end":{"line":105,"column":0}},"105":{"start":{"line":106,"column":0},"end":{"line":106,"column":81}},"106":{"start":{"line":107,"column":0},"end":{"line":107,"column":84}},"107":{"start":{"line":108,"column":0},"end":{"line":108,"column":73}},"108":{"start":{"line":109,"column":0},"end":{"line":109,"column":73}},"109":{"start":{"line":110,"column":0},"end":{"line":110,"column":5}},"110":{"start":{"line":111,"column":0},"end":{"line":111,"column":0}},"111":{"start":{"line":112,"column":0},"end":{"line":112,"column":26}},"112":{"start":{"line":113,"column":0},"end":{"line":113,"column":74}},"113":{"start":{"line":114,"column":0},"end":{"line":114,"column":66}},"114":{"start":{"line":115,"column":0},"end":{"line":115,"column":0}},"115":{"start":{"line":116,"column":0},"end":{"line":116,"column":62}},"116":{"start":{"line":117,"column":0},"end":{"line":117,"column":69}},"117":{"start":{"line":118,"column":0},"end":{"line":118,"column":0}},"118":{"start":{"line":119,"column":0},"end":{"line":119,"column":79}},"119":{"start":{"line":120,"column":0},"end":{"line":120,"column":28}},"120":{"start":{"line":121,"column":0},"end":{"line":121,"column":105}},"121":{"start":{"line":122,"column":0},"end":{"line":122,"column":14}},"122":{"start":{"line":123,"column":0},"end":{"line":123,"column":5}},"123":{"start":{"line":124,"column":0},"end":{"line":124,"column":0}},"124":{"start":{"line":125,"column":0},"end":{"line":125,"column":63}},"125":{"start":{"line":126,"column":0},"end":{"line":126,"column":101}},"126":{"start":{"line":127,"column":0},"end":{"line":127,"column":56}},"127":{"start":{"line":128,"column":0},"end":{"line":128,"column":64}},"128":{"start":{"line":129,"column":0},"end":{"line":129,"column":0}},"129":{"start":{"line":130,"column":0},"end":{"line":130,"column":61}},"130":{"start":{"line":131,"column":0},"end":{"line":131,"column":48}},"131":{"start":{"line":132,"column":0},"end":{"line":132,"column":0}},"132":{"start":{"line":133,"column":0},"end":{"line":133,"column":39}},"133":{"start":{"line":134,"column":0},"end":{"line":134,"column":66}},"134":{"start":{"line":135,"column":0},"end":{"line":135,"column":89}},"135":{"start":{"line":136,"column":0},"end":{"line":136,"column":0}},"136":{"start":{"line":137,"column":0},"end":{"line":137,"column":33}},"137":{"start":{"line":138,"column":0},"end":{"line":138,"column":48}},"138":{"start":{"line":139,"column":0},"end":{"line":139,"column":33}},"139":{"start":{"line":140,"column":0},"end":{"line":140,"column":89}},"140":{"start":{"line":141,"column":0},"end":{"line":141,"column":0}},"141":{"start":{"line":142,"column":0},"end":{"line":142,"column":42}},"142":{"start":{"line":143,"column":0},"end":{"line":143,"column":63}},"143":{"start":{"line":144,"column":0},"end":{"line":144,"column":93}},"144":{"start":{"line":145,"column":0},"end":{"line":145,"column":0}},"145":{"start":{"line":146,"column":0},"end":{"line":146,"column":47}},"146":{"start":{"line":147,"column":0},"end":{"line":147,"column":36}},"147":{"start":{"line":148,"column":0},"end":{"line":148,"column":81}},"148":{"start":{"line":149,"column":0},"end":{"line":149,"column":5}},"149":{"start":{"line":150,"column":0},"end":{"line":150,"column":0}},"150":{"start":{"line":151,"column":0},"end":{"line":151,"column":0}},"151":{"start":{"line":152,"column":0},"end":{"line":152,"column":30}},"152":{"start":{"line":153,"column":0},"end":{"line":153,"column":27}},"153":{"start":{"line":154,"column":0},"end":{"line":154,"column":72}},"154":{"start":{"line":155,"column":0},"end":{"line":155,"column":70}},"155":{"start":{"line":156,"column":0},"end":{"line":156,"column":10}},"156":{"start":{"line":157,"column":0},"end":{"line":157,"column":0}},"157":{"start":{"line":158,"column":0},"end":{"line":158,"column":47}},"158":{"start":{"line":159,"column":0},"end":{"line":159,"column":50}},"159":{"start":{"line":160,"column":0},"end":{"line":160,"column":96}},"160":{"start":{"line":161,"column":0},"end":{"line":161,"column":44}},"161":{"start":{"line":162,"column":0},"end":{"line":162,"column":40}},"162":{"start":{"line":163,"column":0},"end":{"line":163,"column":16}},"163":{"start":{"line":164,"column":0},"end":{"line":164,"column":95}},"164":{"start":{"line":165,"column":0},"end":{"line":165,"column":79}},"165":{"start":{"line":166,"column":0},"end":{"line":166,"column":95}},"166":{"start":{"line":167,"column":0},"end":{"line":167,"column":0}},"167":{"start":{"line":168,"column":0},"end":{"line":168,"column":58}},"168":{"start":{"line":169,"column":0},"end":{"line":169,"column":81}},"169":{"start":{"line":170,"column":0},"end":{"line":170,"column":14}},"170":{"start":{"line":171,"column":0},"end":{"line":171,"column":93}},"171":{"start":{"line":172,"column":0},"end":{"line":172,"column":9}},"172":{"start":{"line":173,"column":0},"end":{"line":173,"column":0}},"173":{"start":{"line":174,"column":0},"end":{"line":174,"column":116}},"174":{"start":{"line":175,"column":0},"end":{"line":175,"column":106}},"175":{"start":{"line":176,"column":0},"end":{"line":176,"column":5}},"176":{"start":{"line":177,"column":0},"end":{"line":177,"column":0}},"177":{"start":{"line":178,"column":0},"end":{"line":178,"column":40}},"178":{"start":{"line":179,"column":0},"end":{"line":179,"column":68}},"179":{"start":{"line":180,"column":0},"end":{"line":180,"column":67}},"180":{"start":{"line":181,"column":0},"end":{"line":181,"column":0}},"181":{"start":{"line":182,"column":0},"end":{"line":182,"column":62}},"182":{"start":{"line":183,"column":0},"end":{"line":183,"column":39}},"183":{"start":{"line":184,"column":0},"end":{"line":184,"column":44}},"184":{"start":{"line":185,"column":0},"end":{"line":185,"column":68}},"185":{"start":{"line":186,"column":0},"end":{"line":186,"column":9}},"186":{"start":{"line":187,"column":0},"end":{"line":187,"column":0}},"187":{"start":{"line":188,"column":0},"end":{"line":188,"column":56}},"188":{"start":{"line":189,"column":0},"end":{"line":189,"column":5}},"189":{"start":{"line":190,"column":0},"end":{"line":190,"column":0}},"190":{"start":{"line":191,"column":0},"end":{"line":191,"column":48}},"191":{"start":{"line":192,"column":0},"end":{"line":192,"column":40}},"192":{"start":{"line":193,"column":0},"end":{"line":193,"column":40}},"193":{"start":{"line":194,"column":0},"end":{"line":194,"column":0}},"194":{"start":{"line":195,"column":0},"end":{"line":195,"column":42}},"195":{"start":{"line":196,"column":0},"end":{"line":196,"column":52}},"196":{"start":{"line":197,"column":0},"end":{"line":197,"column":79}},"197":{"start":{"line":198,"column":0},"end":{"line":198,"column":9}},"198":{"start":{"line":199,"column":0},"end":{"line":199,"column":0}},"199":{"start":{"line":200,"column":0},"end":{"line":200,"column":39}},"200":{"start":{"line":201,"column":0},"end":{"line":201,"column":65}},"201":{"start":{"line":202,"column":0},"end":{"line":202,"column":21}},"202":{"start":{"line":203,"column":0},"end":{"line":203,"column":98}},"203":{"start":{"line":204,"column":0},"end":{"line":204,"column":9}},"204":{"start":{"line":205,"column":0},"end":{"line":205,"column":0}},"205":{"start":{"line":206,"column":0},"end":{"line":206,"column":61}},"206":{"start":{"line":207,"column":0},"end":{"line":207,"column":56}},"207":{"start":{"line":208,"column":0},"end":{"line":208,"column":28}},"208":{"start":{"line":209,"column":0},"end":{"line":209,"column":101}},"209":{"start":{"line":210,"column":0},"end":{"line":210,"column":9}},"210":{"start":{"line":211,"column":0},"end":{"line":211,"column":5}},"211":{"start":{"line":212,"column":0},"end":{"line":212,"column":0}},"212":{"start":{"line":213,"column":0},"end":{"line":213,"column":41}},"213":{"start":{"line":214,"column":0},"end":{"line":214,"column":89}},"214":{"start":{"line":215,"column":0},"end":{"line":215,"column":0}},"215":{"start":{"line":216,"column":0},"end":{"line":216,"column":75}},"216":{"start":{"line":217,"column":0},"end":{"line":217,"column":40}},"217":{"start":{"line":218,"column":0},"end":{"line":218,"column":66}},"218":{"start":{"line":219,"column":0},"end":{"line":219,"column":99}},"219":{"start":{"line":220,"column":0},"end":{"line":220,"column":50}},"220":{"start":{"line":221,"column":0},"end":{"line":221,"column":84}},"221":{"start":{"line":222,"column":0},"end":{"line":222,"column":9}},"222":{"start":{"line":223,"column":0},"end":{"line":223,"column":5}},"223":{"start":{"line":224,"column":0},"end":{"line":224,"column":15}},"224":{"start":{"line":225,"column":0},"end":{"line":225,"column":0}},"225":{"start":{"line":226,"column":0},"end":{"line":226,"column":25}},"226":{"start":{"line":227,"column":0},"end":{"line":227,"column":52}},"227":{"start":{"line":228,"column":0},"end":{"line":228,"column":0}},"228":{"start":{"line":229,"column":0},"end":{"line":229,"column":42}},"229":{"start":{"line":230,"column":0},"end":{"line":230,"column":77}},"230":{"start":{"line":231,"column":0},"end":{"line":231,"column":68}},"231":{"start":{"line":232,"column":0},"end":{"line":232,"column":97}},"232":{"start":{"line":233,"column":0},"end":{"line":233,"column":0}},"233":{"start":{"line":234,"column":0},"end":{"line":234,"column":73}},"234":{"start":{"line":235,"column":0},"end":{"line":235,"column":5}},"235":{"start":{"line":236,"column":0},"end":{"line":236,"column":0}},"236":{"start":{"line":237,"column":0},"end":{"line":237,"column":39}},"237":{"start":{"line":238,"column":0},"end":{"line":238,"column":37}},"238":{"start":{"line":239,"column":0},"end":{"line":239,"column":59}},"239":{"start":{"line":240,"column":0},"end":{"line":240,"column":5}},"240":{"start":{"line":241,"column":0},"end":{"line":241,"column":0}},"241":{"start":{"line":242,"column":0},"end":{"line":242,"column":28}},"242":{"start":{"line":243,"column":0},"end":{"line":243,"column":25}},"243":{"start":{"line":244,"column":0},"end":{"line":244,"column":0}},"244":{"start":{"line":245,"column":0},"end":{"line":245,"column":37}},"245":{"start":{"line":246,"column":0},"end":{"line":246,"column":58}},"246":{"start":{"line":247,"column":0},"end":{"line":247,"column":0}},"247":{"start":{"line":248,"column":0},"end":{"line":248,"column":55}},"248":{"start":{"line":249,"column":0},"end":{"line":249,"column":86}},"249":{"start":{"line":250,"column":0},"end":{"line":250,"column":44}},"250":{"start":{"line":251,"column":0},"end":{"line":251,"column":88}},"251":{"start":{"line":252,"column":0},"end":{"line":252,"column":13}},"252":{"start":{"line":253,"column":0},"end":{"line":253,"column":71}},"253":{"start":{"line":254,"column":0},"end":{"line":254,"column":44}},"254":{"start":{"line":255,"column":0},"end":{"line":255,"column":60}},"255":{"start":{"line":256,"column":0},"end":{"line":256,"column":13}},"256":{"start":{"line":257,"column":0},"end":{"line":257,"column":9}},"257":{"start":{"line":258,"column":0},"end":{"line":258,"column":5}},"258":{"start":{"line":259,"column":0},"end":{"line":259,"column":1}},"259":{"start":{"line":260,"column":0},"end":{"line":260,"column":0}},"260":{"start":{"line":261,"column":0},"end":{"line":261,"column":42}},"261":{"start":{"line":262,"column":0},"end":{"line":262,"column":68}},"262":{"start":{"line":263,"column":0},"end":{"line":263,"column":24}},"263":{"start":{"line":264,"column":0},"end":{"line":264,"column":0}},"264":{"start":{"line":265,"column":0},"end":{"line":265,"column":40}},"265":{"start":{"line":266,"column":0},"end":{"line":266,"column":52}},"266":{"start":{"line":267,"column":0},"end":{"line":267,"column":78}},"267":{"start":{"line":268,"column":0},"end":{"line":268,"column":0}},"268":{"start":{"line":269,"column":0},"end":{"line":269,"column":46}},"269":{"start":{"line":270,"column":0},"end":{"line":270,"column":79}},"270":{"start":{"line":271,"column":0},"end":{"line":271,"column":0}},"271":{"start":{"line":272,"column":0},"end":{"line":272,"column":50}},"272":{"start":{"line":273,"column":0},"end":{"line":273,"column":40}},"273":{"start":{"line":274,"column":0},"end":{"line":274,"column":0}},"274":{"start":{"line":275,"column":0},"end":{"line":275,"column":93}},"275":{"start":{"line":276,"column":0},"end":{"line":276,"column":9}},"276":{"start":{"line":277,"column":0},"end":{"line":277,"column":0}},"277":{"start":{"line":278,"column":0},"end":{"line":278,"column":29}},"278":{"start":{"line":279,"column":0},"end":{"line":279,"column":5}},"279":{"start":{"line":280,"column":0},"end":{"line":280,"column":0}},"280":{"start":{"line":281,"column":0},"end":{"line":281,"column":43}},"281":{"start":{"line":282,"column":0},"end":{"line":282,"column":70}},"282":{"start":{"line":283,"column":0},"end":{"line":283,"column":76}},"283":{"start":{"line":284,"column":0},"end":{"line":284,"column":0}},"284":{"start":{"line":285,"column":0},"end":{"line":285,"column":103}},"285":{"start":{"line":286,"column":0},"end":{"line":286,"column":105}},"286":{"start":{"line":287,"column":0},"end":{"line":287,"column":0}},"287":{"start":{"line":288,"column":0},"end":{"line":288,"column":71}},"288":{"start":{"line":289,"column":0},"end":{"line":289,"column":49}},"289":{"start":{"line":290,"column":0},"end":{"line":290,"column":52}},"290":{"start":{"line":291,"column":0},"end":{"line":291,"column":0}},"291":{"start":{"line":292,"column":0},"end":{"line":292,"column":55}},"292":{"start":{"line":293,"column":0},"end":{"line":293,"column":5}},"293":{"start":{"line":294,"column":0},"end":{"line":294,"column":1}},"294":{"start":{"line":295,"column":0},"end":{"line":295,"column":0}},"295":{"start":{"line":296,"column":0},"end":{"line":296,"column":23}}},"s":{"0":1,"1":1,"2":1,"3":1,"4":1,"5":1,"6":1,"7":1,"8":1,"9":1,"10":1,"11":1,"12":1,"13":1,"14":1,"15":1,"16":1,"17":90,"18":90,"19":90,"20":90,"21":90,"22":90,"23":90,"24":90,"25":90,"26":90,"27":90,"28":90,"29":90,"30":90,"31":90,"32":90,"33":90,"34":90,"35":90,"36":90,"37":90,"38":90,"39":90,"40":90,"41":90,"42":90,"43":90,"44":90,"45":90,"46":90,"47":90,"48":90,"49":90,"50":90,"51":90,"52":90,"53":90,"54":90,"55":90,"56":90,"57":90,"58":90,"59":90,"60":90,"61":90,"62":90,"63":90,"64":90,"65":90,"66":90,"67":90,"68":90,"69":90,"70":90,"71":90,"72":90,"73":90,"74":90,"75":90,"76":90,"77":90,"78":90,"79":90,"80":90,"81":90,"82":90,"83":90,"84":90,"85":90,"86":90,"87":90,"88":90,"89":90,"90":90,"91":90,"92":90,"93":90,"94":90,"95":90,"96":90,"97":90,"98":90,"99":90,"100":8,"101":8,"102":8,"103":8,"104":8,"105":8,"106":8,"107":8,"108":8,"109":8,"110":90,"111":90,"112":9,"113":9,"114":6,"115":6,"116":9,"117":5,"118":9,"119":9,"120":2,"121":2,"122":9,"123":90,"124":90,"125":5,"126":5,"127":5,"128":5,"129":5,"130":5,"131":5,"132":5,"133":5,"134":5,"135":4,"136":4,"137":4,"138":4,"139":5,"140":3,"141":3,"142":3,"143":5,"144":2,"145":2,"146":2,"147":5,"148":5,"149":90,"150":90,"151":90,"152":10,"153":10,"154":10,"155":10,"156":10,"157":10,"158":2,"159":2,"160":2,"161":2,"162":10,"163":8,"164":8,"165":8,"166":6,"167":6,"168":6,"169":6,"170":8,"171":8,"172":5,"173":5,"174":10,"175":10,"176":90,"177":90,"178":7,"179":7,"180":4,"181":4,"182":7,"183":9,"184":9,"185":9,"186":3,"187":3,"188":2,"189":90,"190":90,"191":4,"192":4,"193":4,"194":4,"195":16,"196":16,"197":16,"198":4,"199":4,"200":12,"201":12,"202":12,"203":12,"204":4,"205":4,"206":4,"207":4,"208":4,"209":4,"210":4,"211":90,"212":90,"213":8,"214":6,"215":6,"216":6,"217":6,"218":6,"219":3,"220":6,"221":6,"222":2,"223":90,"224":90,"225":90,"226":90,"227":90,"228":90,"229":9,"230":9,"231":9,"232":5,"233":5,"234":5,"235":90,"236":90,"237":10,"238":1,"239":1,"240":9,"241":9,"242":9,"243":9,"244":10,"245":12,"246":12,"247":12,"248":11,"249":7,"250":7,"251":7,"252":4,"253":2,"254":2,"255":2,"256":11,"257":12,"258":9,"259":90,"260":90,"261":10,"262":10,"263":10,"264":10,"265":10,"266":10,"267":9,"268":9,"269":10,"270":7,"271":7,"272":7,"273":7,"274":7,"275":7,"276":7,"277":7,"278":7,"279":90,"280":90,"281":11,"282":11,"283":11,"284":11,"285":11,"286":9,"287":9,"288":9,"289":9,"290":9,"291":11,"292":11,"293":90,"294":1,"295":1},"branchMap":{"0":{"type":"branch","line":17,"loc":{"start":{"line":17,"column":14},"end":{"line":294,"column":1}},"locations":[{"start":{"line":17,"column":14},"end":{"line":294,"column":1}}]},"1":{"type":"branch","line":41,"loc":{"start":{"line":41,"column":4},"end":{"line":93,"column":5}},"locations":[{"start":{"line":41,"column":4},"end":{"line":93,"column":5}}]},"2":{"type":"branch","line":94,"loc":{"start":{"line":94,"column":4},"end":{"line":94,"column":62}},"locations":[{"start":{"line":94,"column":4},"end":{"line":94,"column":62}}]},"3":{"type":"branch","line":95,"loc":{"start":{"line":95,"column":4},"end":{"line":95,"column":59}},"locations":[{"start":{"line":95,"column":4},"end":{"line":95,"column":59}}]},"4":{"type":"branch","line":100,"loc":{"start":{"line":100,"column":4},"end":{"line":110,"column":5}},"locations":[{"start":{"line":100,"column":4},"end":{"line":110,"column":5}}]},"5":{"type":"branch","line":106,"loc":{"start":{"line":106,"column":23},"end":{"line":106,"column":81}},"locations":[{"start":{"line":106,"column":23},"end":{"line":106,"column":81}}]},"6":{"type":"branch","line":106,"loc":{"start":{"line":106,"column":80},"end":{"line":107,"column":24}},"locations":[{"start":{"line":106,"column":80},"end":{"line":107,"column":24}}]},"7":{"type":"branch","line":107,"loc":{"start":{"line":107,"column":24},"end":{"line":107,"column":84}},"locations":[{"start":{"line":107,"column":24},"end":{"line":107,"column":84}}]},"8":{"type":"branch","line":107,"loc":{"start":{"line":107,"column":83},"end":{"line":108,"column":19}},"locations":[{"start":{"line":107,"column":83},"end":{"line":108,"column":19}}]},"9":{"type":"branch","line":108,"loc":{"start":{"line":108,"column":19},"end":{"line":109,"column":19}},"locations":[{"start":{"line":108,"column":19},"end":{"line":109,"column":19}}]},"10":{"type":"branch","line":109,"loc":{"start":{"line":109,"column":19},"end":{"line":109,"column":73}},"locations":[{"start":{"line":109,"column":19},"end":{"line":109,"column":73}}]},"11":{"type":"branch","line":112,"loc":{"start":{"line":112,"column":4},"end":{"line":123,"column":5}},"locations":[{"start":{"line":112,"column":4},"end":{"line":123,"column":5}}]},"12":{"type":"branch","line":113,"loc":{"start":{"line":113,"column":47},"end":{"line":113,"column":73}},"locations":[{"start":{"line":113,"column":47},"end":{"line":113,"column":73}}]},"13":{"type":"branch","line":114,"loc":{"start":{"line":114,"column":12},"end":{"line":114,"column":66}},"locations":[{"start":{"line":114,"column":12},"end":{"line":114,"column":66}}]},"14":{"type":"branch","line":114,"loc":{"start":{"line":114,"column":65},"end":{"line":117,"column":19}},"locations":[{"start":{"line":114,"column":65},"end":{"line":117,"column":19}}]},"15":{"type":"branch","line":117,"loc":{"start":{"line":117,"column":19},"end":{"line":117,"column":69}},"locations":[{"start":{"line":117,"column":19},"end":{"line":117,"column":69}}]},"16":{"type":"branch","line":117,"loc":{"start":{"line":117,"column":68},"end":{"line":119,"column":47}},"locations":[{"start":{"line":117,"column":68},"end":{"line":119,"column":47}}]},"17":{"type":"branch","line":119,"loc":{"start":{"line":119,"column":43},"end":{"line":119,"column":78}},"locations":[{"start":{"line":119,"column":43},"end":{"line":119,"column":78}}]},"18":{"type":"branch","line":120,"loc":{"start":{"line":120,"column":12},"end":{"line":122,"column":14}},"locations":[{"start":{"line":120,"column":12},"end":{"line":122,"column":14}}]},"19":{"type":"branch","line":125,"loc":{"start":{"line":125,"column":4},"end":{"line":149,"column":5}},"locations":[{"start":{"line":125,"column":4},"end":{"line":149,"column":5}}]},"20":{"type":"branch","line":126,"loc":{"start":{"line":126,"column":87},"end":{"line":126,"column":95}},"locations":[{"start":{"line":126,"column":87},"end":{"line":126,"column":95}}]},"21":{"type":"branch","line":128,"loc":{"start":{"line":128,"column":12},"end":{"line":128,"column":64}},"locations":[{"start":{"line":128,"column":12},"end":{"line":128,"column":64}}]},"22":{"type":"branch","line":134,"loc":{"start":{"line":134,"column":27},"end":{"line":134,"column":65}},"locations":[{"start":{"line":134,"column":27},"end":{"line":134,"column":65}}]},"23":{"type":"branch","line":135,"loc":{"start":{"line":135,"column":12},"end":{"line":135,"column":89}},"locations":[{"start":{"line":135,"column":12},"end":{"line":135,"column":89}}]},"24":{"type":"branch","line":135,"loc":{"start":{"line":135,"column":88},"end":{"line":139,"column":33}},"locations":[{"start":{"line":135,"column":88},"end":{"line":139,"column":33}}]},"25":{"type":"branch","line":140,"loc":{"start":{"line":140,"column":12},"end":{"line":140,"column":89}},"locations":[{"start":{"line":140,"column":12},"end":{"line":140,"column":89}}]},"26":{"type":"branch","line":140,"loc":{"start":{"line":140,"column":88},"end":{"line":143,"column":63}},"locations":[{"start":{"line":140,"column":88},"end":{"line":143,"column":63}}]},"27":{"type":"branch","line":144,"loc":{"start":{"line":144,"column":12},"end":{"line":144,"column":93}},"locations":[{"start":{"line":144,"column":12},"end":{"line":144,"column":93}}]},"28":{"type":"branch","line":144,"loc":{"start":{"line":144,"column":92},"end":{"line":147,"column":36}},"locations":[{"start":{"line":144,"column":92},"end":{"line":147,"column":36}}]},"29":{"type":"branch","line":148,"loc":{"start":{"line":148,"column":12},"end":{"line":148,"column":81}},"locations":[{"start":{"line":148,"column":12},"end":{"line":148,"column":81}}]},"30":{"type":"branch","line":152,"loc":{"start":{"line":152,"column":4},"end":{"line":176,"column":5}},"locations":[{"start":{"line":152,"column":4},"end":{"line":176,"column":5}}]},"31":{"type":"branch","line":158,"loc":{"start":{"line":158,"column":27},"end":{"line":158,"column":44}},"locations":[{"start":{"line":158,"column":27},"end":{"line":158,"column":44}}]},"32":{"type":"branch","line":158,"loc":{"start":{"line":158,"column":46},"end":{"line":163,"column":9}},"locations":[{"start":{"line":158,"column":46},"end":{"line":163,"column":9}}]},"33":{"type":"branch","line":160,"loc":{"start":{"line":160,"column":23},"end":{"line":160,"column":96}},"locations":[{"start":{"line":160,"column":23},"end":{"line":160,"column":96}}]},"34":{"type":"branch","line":163,"loc":{"start":{"line":163,"column":9},"end":{"line":172,"column":9}},"locations":[{"start":{"line":163,"column":9},"end":{"line":172,"column":9}}]},"35":{"type":"branch","line":165,"loc":{"start":{"line":165,"column":-2},"end":{"line":165,"column":78}},"locations":[{"start":{"line":165,"column":-2},"end":{"line":165,"column":78}}]},"36":{"type":"branch","line":166,"loc":{"start":{"line":166,"column":32},"end":{"line":166,"column":95}},"locations":[{"start":{"line":166,"column":32},"end":{"line":166,"column":95}}]},"37":{"type":"branch","line":166,"loc":{"start":{"line":166,"column":94},"end":{"line":171,"column":26}},"locations":[{"start":{"line":166,"column":94},"end":{"line":171,"column":26}}]},"38":{"type":"branch","line":171,"loc":{"start":{"line":171,"column":26},"end":{"line":171,"column":93}},"locations":[{"start":{"line":171,"column":26},"end":{"line":171,"column":93}}]},"39":{"type":"branch","line":172,"loc":{"start":{"line":172,"column":8},"end":{"line":175,"column":24}},"locations":[{"start":{"line":172,"column":8},"end":{"line":175,"column":24}}]},"40":{"type":"branch","line":175,"loc":{"start":{"line":175,"column":24},"end":{"line":175,"column":106}},"locations":[{"start":{"line":175,"column":24},"end":{"line":175,"column":106}}]},"41":{"type":"branch","line":169,"loc":{"start":{"line":169,"column":16},"end":{"line":169,"column":81}},"locations":[{"start":{"line":169,"column":16},"end":{"line":169,"column":81}}]},"42":{"type":"branch","line":169,"loc":{"start":{"line":169,"column":51},"end":{"line":169,"column":81}},"locations":[{"start":{"line":169,"column":51},"end":{"line":169,"column":81}}]},"43":{"type":"branch","line":178,"loc":{"start":{"line":178,"column":4},"end":{"line":189,"column":5}},"locations":[{"start":{"line":178,"column":4},"end":{"line":189,"column":5}}]},"44":{"type":"branch","line":179,"loc":{"start":{"line":179,"column":39},"end":{"line":179,"column":67}},"locations":[{"start":{"line":179,"column":39},"end":{"line":179,"column":67}}]},"45":{"type":"branch","line":180,"loc":{"start":{"line":180,"column":12},"end":{"line":180,"column":67}},"locations":[{"start":{"line":180,"column":12},"end":{"line":180,"column":67}}]},"46":{"type":"branch","line":180,"loc":{"start":{"line":180,"column":66},"end":{"line":183,"column":38}},"locations":[{"start":{"line":180,"column":66},"end":{"line":183,"column":38}}]},"47":{"type":"branch","line":183,"loc":{"start":{"line":183,"column":38},"end":{"line":186,"column":9}},"locations":[{"start":{"line":183,"column":38},"end":{"line":186,"column":9}}]},"48":{"type":"branch","line":185,"loc":{"start":{"line":185,"column":16},"end":{"line":185,"column":68}},"locations":[{"start":{"line":185,"column":16},"end":{"line":185,"column":68}}]},"49":{"type":"branch","line":186,"loc":{"start":{"line":186,"column":8},"end":{"line":188,"column":56}},"locations":[{"start":{"line":186,"column":8},"end":{"line":188,"column":56}}]},"50":{"type":"branch","line":188,"loc":{"start":{"line":188,"column":55},"end":{"line":189,"column":5}},"locations":[{"start":{"line":188,"column":55},"end":{"line":189,"column":5}}]},"51":{"type":"branch","line":182,"loc":{"start":{"line":182,"column":47},"end":{"line":182,"column":60}},"locations":[{"start":{"line":182,"column":47},"end":{"line":182,"column":60}}]},"52":{"type":"branch","line":191,"loc":{"start":{"line":191,"column":4},"end":{"line":211,"column":5}},"locations":[{"start":{"line":191,"column":4},"end":{"line":211,"column":5}}]},"53":{"type":"branch","line":195,"loc":{"start":{"line":195,"column":41},"end":{"line":198,"column":9}},"locations":[{"start":{"line":195,"column":41},"end":{"line":198,"column":9}}]},"54":{"type":"branch","line":197,"loc":{"start":{"line":197,"column":16},"end":{"line":197,"column":79}},"locations":[{"start":{"line":197,"column":16},"end":{"line":197,"column":79}}]},"55":{"type":"branch","line":197,"loc":{"start":{"line":197,"column":72},"end":{"line":197,"column":77}},"locations":[{"start":{"line":197,"column":72},"end":{"line":197,"column":77}}]},"56":{"type":"branch","line":200,"loc":{"start":{"line":200,"column":38},"end":{"line":204,"column":9}},"locations":[{"start":{"line":200,"column":38},"end":{"line":204,"column":9}}]},"57":{"type":"branch","line":203,"loc":{"start":{"line":203,"column":86},"end":{"line":203,"column":91}},"locations":[{"start":{"line":203,"column":86},"end":{"line":203,"column":91}}]},"58":{"type":"branch","line":207,"loc":{"start":{"line":207,"column":50},"end":{"line":207,"column":55}},"locations":[{"start":{"line":207,"column":50},"end":{"line":207,"column":55}}]},"59":{"type":"branch","line":209,"loc":{"start":{"line":209,"column":16},"end":{"line":209,"column":101}},"locations":[{"start":{"line":209,"column":16},"end":{"line":209,"column":101}}]},"60":{"type":"branch","line":201,"loc":{"start":{"line":201,"column":43},"end":{"line":201,"column":63}},"locations":[{"start":{"line":201,"column":43},"end":{"line":201,"column":63}}]},"61":{"type":"branch","line":213,"loc":{"start":{"line":213,"column":4},"end":{"line":223,"column":5}},"locations":[{"start":{"line":213,"column":4},"end":{"line":223,"column":5}}]},"62":{"type":"branch","line":214,"loc":{"start":{"line":214,"column":43},"end":{"line":214,"column":89}},"locations":[{"start":{"line":214,"column":43},"end":{"line":214,"column":89}}]},"63":{"type":"branch","line":214,"loc":{"start":{"line":214,"column":88},"end":{"line":222,"column":9}},"locations":[{"start":{"line":214,"column":88},"end":{"line":222,"column":9}}]},"64":{"type":"branch","line":218,"loc":{"start":{"line":218,"column":46},"end":{"line":218,"column":65}},"locations":[{"start":{"line":218,"column":46},"end":{"line":218,"column":65}}]},"65":{"type":"branch","line":219,"loc":{"start":{"line":219,"column":16},"end":{"line":220,"column":50}},"locations":[{"start":{"line":219,"column":16},"end":{"line":220,"column":50}}]},"66":{"type":"branch","line":221,"loc":{"start":{"line":221,"column":16},"end":{"line":221,"column":84}},"locations":[{"start":{"line":221,"column":16},"end":{"line":221,"column":84}}]},"67":{"type":"branch","line":222,"loc":{"start":{"line":222,"column":8},"end":{"line":223,"column":5}},"locations":[{"start":{"line":222,"column":8},"end":{"line":223,"column":5}}]},"68":{"type":"branch","line":216,"loc":{"start":{"line":216,"column":56},"end":{"line":216,"column":72}},"locations":[{"start":{"line":216,"column":56},"end":{"line":216,"column":72}}]},"69":{"type":"branch","line":229,"loc":{"start":{"line":229,"column":4},"end":{"line":235,"column":5}},"locations":[{"start":{"line":229,"column":4},"end":{"line":235,"column":5}}]},"70":{"type":"branch","line":230,"loc":{"start":{"line":230,"column":42},"end":{"line":230,"column":76}},"locations":[{"start":{"line":230,"column":42},"end":{"line":230,"column":76}}]},"71":{"type":"branch","line":231,"loc":{"start":{"line":231,"column":12},"end":{"line":231,"column":68}},"locations":[{"start":{"line":231,"column":12},"end":{"line":231,"column":68}}]},"72":{"type":"branch","line":231,"loc":{"start":{"line":231,"column":67},"end":{"line":232,"column":49}},"locations":[{"start":{"line":231,"column":67},"end":{"line":232,"column":49}}]},"73":{"type":"branch","line":232,"loc":{"start":{"line":232,"column":49},"end":{"line":232,"column":97}},"locations":[{"start":{"line":232,"column":49},"end":{"line":232,"column":97}}]},"74":{"type":"branch","line":232,"loc":{"start":{"line":232,"column":96},"end":{"line":235,"column":5}},"locations":[{"start":{"line":232,"column":96},"end":{"line":235,"column":5}}]},"75":{"type":"branch","line":237,"loc":{"start":{"line":237,"column":4},"end":{"line":259,"column":1}},"locations":[{"start":{"line":237,"column":4},"end":{"line":259,"column":1}}]},"76":{"type":"branch","line":238,"loc":{"start":{"line":238,"column":36},"end":{"line":240,"column":5}},"locations":[{"start":{"line":238,"column":36},"end":{"line":240,"column":5}}]},"77":{"type":"branch","line":240,"loc":{"start":{"line":240,"column":4},"end":{"line":245,"column":36}},"locations":[{"start":{"line":240,"column":4},"end":{"line":245,"column":36}}]},"78":{"type":"branch","line":245,"loc":{"start":{"line":245,"column":36},"end":{"line":258,"column":5}},"locations":[{"start":{"line":245,"column":36},"end":{"line":258,"column":5}}]},"79":{"type":"branch","line":246,"loc":{"start":{"line":246,"column":49},"end":{"line":246,"column":58}},"locations":[{"start":{"line":246,"column":49},"end":{"line":246,"column":58}}]},"80":{"type":"branch","line":248,"loc":{"start":{"line":248,"column":46},"end":{"line":248,"column":51}},"locations":[{"start":{"line":248,"column":46},"end":{"line":248,"column":51}}]},"81":{"type":"branch","line":248,"loc":{"start":{"line":248,"column":54},"end":{"line":257,"column":9}},"locations":[{"start":{"line":248,"column":54},"end":{"line":257,"column":9}}]},"82":{"type":"branch","line":249,"loc":{"start":{"line":249,"column":40},"end":{"line":249,"column":83}},"locations":[{"start":{"line":249,"column":40},"end":{"line":249,"column":83}}]},"83":{"type":"branch","line":249,"loc":{"start":{"line":249,"column":85},"end":{"line":252,"column":13}},"locations":[{"start":{"line":249,"column":85},"end":{"line":252,"column":13}}]},"84":{"type":"branch","line":253,"loc":{"start":{"line":253,"column":-2},"end":{"line":256,"column":13}},"locations":[{"start":{"line":253,"column":-2},"end":{"line":256,"column":13}}]},"85":{"type":"branch","line":253,"loc":{"start":{"line":253,"column":45},"end":{"line":253,"column":68}},"locations":[{"start":{"line":253,"column":45},"end":{"line":253,"column":68}}]},"86":{"type":"branch","line":253,"loc":{"start":{"line":253,"column":70},"end":{"line":256,"column":13}},"locations":[{"start":{"line":253,"column":70},"end":{"line":256,"column":13}}]},"87":{"type":"branch","line":258,"loc":{"start":{"line":258,"column":4},"end":{"line":259,"column":1}},"locations":[{"start":{"line":258,"column":4},"end":{"line":259,"column":1}}]},"88":{"type":"branch","line":261,"loc":{"start":{"line":261,"column":4},"end":{"line":279,"column":5}},"locations":[{"start":{"line":261,"column":4},"end":{"line":279,"column":5}}]},"89":{"type":"branch","line":267,"loc":{"start":{"line":267,"column":16},"end":{"line":267,"column":78}},"locations":[{"start":{"line":267,"column":16},"end":{"line":267,"column":78}}]},"90":{"type":"branch","line":267,"loc":{"start":{"line":267,"column":77},"end":{"line":270,"column":23}},"locations":[{"start":{"line":267,"column":77},"end":{"line":270,"column":23}}]},"91":{"type":"branch","line":270,"loc":{"start":{"line":270,"column":23},"end":{"line":270,"column":79}},"locations":[{"start":{"line":270,"column":23},"end":{"line":270,"column":79}}]},"92":{"type":"branch","line":270,"loc":{"start":{"line":270,"column":78},"end":{"line":279,"column":5}},"locations":[{"start":{"line":270,"column":78},"end":{"line":279,"column":5}}]},"93":{"type":"branch","line":262,"loc":{"start":{"line":262,"column":44},"end":{"line":262,"column":65}},"locations":[{"start":{"line":262,"column":44},"end":{"line":262,"column":65}}]},"94":{"type":"branch","line":281,"loc":{"start":{"line":281,"column":4},"end":{"line":293,"column":5}},"locations":[{"start":{"line":281,"column":4},"end":{"line":293,"column":5}}]},"95":{"type":"branch","line":282,"loc":{"start":{"line":282,"column":58},"end":{"line":282,"column":68}},"locations":[{"start":{"line":282,"column":58},"end":{"line":282,"column":68}}]},"96":{"type":"branch","line":283,"loc":{"start":{"line":283,"column":32},"end":{"line":283,"column":53}},"locations":[{"start":{"line":283,"column":32},"end":{"line":283,"column":53}}]},"97":{"type":"branch","line":283,"loc":{"start":{"line":283,"column":55},"end":{"line":283,"column":76}},"locations":[{"start":{"line":283,"column":55},"end":{"line":283,"column":76}}]},"98":{"type":"branch","line":285,"loc":{"start":{"line":285,"column":52},"end":{"line":285,"column":103}},"locations":[{"start":{"line":285,"column":52},"end":{"line":285,"column":103}}]},"99":{"type":"branch","line":285,"loc":{"start":{"line":285,"column":102},"end":{"line":286,"column":53}},"locations":[{"start":{"line":285,"column":102},"end":{"line":286,"column":53}}]},"100":{"type":"branch","line":286,"loc":{"start":{"line":286,"column":53},"end":{"line":286,"column":105}},"locations":[{"start":{"line":286,"column":53},"end":{"line":286,"column":105}}]},"101":{"type":"branch","line":286,"loc":{"start":{"line":286,"column":104},"end":{"line":292,"column":34}},"locations":[{"start":{"line":286,"column":104},"end":{"line":292,"column":34}}]},"102":{"type":"branch","line":292,"loc":{"start":{"line":292,"column":34},"end":{"line":292,"column":55}},"locations":[{"start":{"line":292,"column":34},"end":{"line":292,"column":55}}]}},"b":{"0":[90],"1":[90],"2":[1],"3":[2],"4":[8],"5":[2],"6":[6],"7":[2],"8":[4],"9":[2],"10":[1],"11":[9],"12":[7],"13":[3],"14":[6],"15":[1],"16":[5],"17":[4],"18":[2],"19":[5],"20":[0],"21":[0],"22":[4],"23":[1],"24":[4],"25":[1],"26":[3],"27":[1],"28":[2],"29":[1],"30":[10],"31":[8],"32":[2],"33":[0],"34":[8],"35":[7],"36":[2],"37":[6],"38":[3],"39":[5],"40":[1],"41":[11],"42":[3],"43":[7],"44":[5],"45":[3],"46":[4],"47":[9],"48":[1],"49":[3],"50":[2],"51":[12],"52":[4],"53":[16],"54":[4],"55":[0],"56":[12],"57":[4],"58":[0],"59":[0],"60":[36],"61":[8],"62":[2],"63":[6],"64":[5],"65":[3],"66":[1],"67":[2],"68":[12],"69":[9],"70":[7],"71":[2],"72":[7],"73":[2],"74":[5],"75":[10],"76":[1],"77":[9],"78":[12],"79":[0],"80":[1],"81":[11],"82":[7],"83":[7],"84":[4],"85":[2],"86":[2],"87":[9],"88":[10],"89":[1],"90":[9],"91":[2],"92":[7],"93":[30],"94":[11],"95":[1],"96":[10],"97":[2],"98":[1],"99":[10],"100":[1],"101":[9],"102":[1]},"fnMap":{"0":{"name":"<instance_members_initializer>","decl":{"start":{"line":17,"column":14},"end":{"line":294,"column":1}},"loc":{"start":{"line":17,"column":14},"end":{"line":294,"column":1}},"line":17},"1":{"name":"Booking","decl":{"start":{"line":41,"column":4},"end":{"line":93,"column":5}},"loc":{"start":{"line":41,"column":4},"end":{"line":93,"column":5}},"line":41},"2":{"name":"_addFreeServiceForTest","decl":{"start":{"line":94,"column":4},"end":{"line":94,"column":62}},"loc":{"start":{"line":94,"column":4},"end":{"line":94,"column":62}},"line":94},"3":{"name":"getFreeServicesForTest","decl":{"start":{"line":95,"column":4},"end":{"line":95,"column":59}},"loc":{"start":{"line":95,"column":4},"end":{"line":95,"column":59}},"line":95},"4":{"name":"validateRequiredEntities","decl":{"start":{"line":100,"column":4},"end":{"line":110,"column":5}},"loc":{"start":{"line":100,"column":4},"end":{"line":110,"column":5}},"line":100},"5":{"name":"validateHall","decl":{"start":{"line":112,"column":4},"end":{"line":123,"column":5}},"loc":{"start":{"line":112,"column":4},"end":{"line":123,"column":5}},"line":112},"6":{"name":"validateEventDate","decl":{"start":{"line":125,"column":4},"end":{"line":149,"column":5}},"loc":{"start":{"line":125,"column":4},"end":{"line":149,"column":5}},"line":125},"7":{"name":"validateTimeSlot","decl":{"start":{"line":152,"column":4},"end":{"line":176,"column":5}},"loc":{"start":{"line":152,"column":4},"end":{"line":176,"column":5}},"line":152},"8":{"name":"validateDishes","decl":{"start":{"line":178,"column":4},"end":{"line":189,"column":5}},"loc":{"start":{"line":178,"column":4},"end":{"line":189,"column":5}},"line":178},"9":{"name":"validateDishCategories","decl":{"start":{"line":191,"column":4},"end":{"line":211,"column":5}},"loc":{"start":{"line":191,"column":4},"end":{"line":211,"column":5}},"line":191},"10":{"name":"validateServices","decl":{"start":{"line":213,"column":4},"end":{"line":223,"column":5}},"loc":{"start":{"line":213,"column":4},"end":{"line":223,"column":5}},"line":213},"11":{"name":"calculateBasePrice","decl":{"start":{"line":229,"column":4},"end":{"line":235,"column":5}},"loc":{"start":{"line":229,"column":4},"end":{"line":235,"column":5}},"line":229},"12":{"name":"applyPromotions","decl":{"start":{"line":237,"column":4},"end":{"line":259,"column":1}},"loc":{"start":{"line":237,"column":4},"end":{"line":259,"column":1}},"line":237},"13":{"name":"applyPaidServices","decl":{"start":{"line":261,"column":4},"end":{"line":279,"column":5}},"loc":{"start":{"line":261,"column":4},"end":{"line":279,"column":5}},"line":261},"14":{"name":"calculateTotals","decl":{"start":{"line":281,"column":4},"end":{"line":293,"column":5}},"loc":{"start":{"line":281,"column":4},"end":{"line":293,"column":5}},"line":281}},"f":{"0":90,"1":90,"2":1,"3":2,"4":8,"5":9,"6":5,"7":10,"8":7,"9":4,"10":8,"11":9,"12":10,"13":10,"14":11}}
}
