TN:
SF:src\Booking.js
FN:17,<instance_members_initializer>
FN:41,Booking
FN:94,_addFreeServiceForTest
FN:95,getFreeServicesForTest
FN:100,validateRequiredEntities
FN:112,validateHall
FN:125,validateEventDate
FN:152,validateTimeSlot
FN:178,validateDishes
FN:191,validateDishCategories
FN:213,validateServices
FN:229,calculateBasePrice
FN:237,applyPromotions
FN:261,applyPaidServices
FN:281,calculateTotals
FNF:15
FNH:15
FNDA:90,<instance_members_initializer>
FNDA:90,Booking
FNDA:1,_addFreeServiceForTest
FNDA:2,getFreeServicesForTest
FNDA:8,validateRequiredEntities
FNDA:9,validateHall
FNDA:5,validateEventDate
FNDA:10,validateTimeSlot
FNDA:7,validateDishes
FNDA:4,validateDishCategories
FNDA:8,validateServices
FNDA:9,calculateBasePrice
FNDA:10,applyPromotions
FNDA:10,applyPaidServices
FNDA:11,calculateTotals
DA:1,2
DA:2,2
DA:3,2
DA:4,2
DA:5,2
DA:6,2
DA:7,2
DA:8,2
DA:9,2
DA:10,2
DA:11,2
DA:12,2
DA:13,2
DA:14,2
DA:15,2
DA:16,2
DA:17,2
DA:18,90
DA:19,90
DA:20,90
DA:21,90
DA:22,90
DA:23,90
DA:24,90
DA:25,90
DA:26,90
DA:27,90
DA:28,90
DA:29,90
DA:30,90
DA:31,90
DA:32,90
DA:33,90
DA:34,90
DA:35,90
DA:36,90
DA:37,90
DA:38,90
DA:39,90
DA:40,90
DA:41,90
DA:42,90
DA:43,90
DA:44,90
DA:45,90
DA:46,90
DA:47,90
DA:48,90
DA:49,90
DA:50,90
DA:51,90
DA:52,90
DA:53,90
DA:54,90
DA:55,90
DA:56,90
DA:57,90
DA:58,90
DA:59,90
DA:60,90
DA:61,90
DA:62,90
DA:63,90
DA:64,90
DA:65,90
DA:66,90
DA:67,90
DA:68,90
DA:69,90
DA:70,90
DA:71,90
DA:72,90
DA:73,90
DA:74,90
DA:75,90
DA:76,90
DA:77,90
DA:78,90
DA:79,90
DA:80,90
DA:81,90
DA:82,90
DA:83,90
DA:84,90
DA:85,90
DA:86,90
DA:87,90
DA:88,90
DA:89,90
DA:90,90
DA:91,90
DA:92,90
DA:93,90
DA:94,90
DA:95,90
DA:96,90
DA:97,90
DA:98,90
DA:99,90
DA:100,90
DA:101,8
DA:102,8
DA:103,8
DA:104,8
DA:105,8
DA:106,8
DA:107,8
DA:108,8
DA:109,8
DA:110,8
DA:111,90
DA:112,90
DA:113,9
DA:114,9
DA:115,6
DA:116,6
DA:117,9
DA:118,5
DA:119,9
DA:120,9
DA:121,2
DA:122,2
DA:123,9
DA:124,90
DA:125,90
DA:126,5
DA:127,5
DA:128,5
DA:129,5
DA:130,5
DA:131,5
DA:132,5
DA:133,5
DA:134,5
DA:135,5
DA:136,4
DA:137,4
DA:138,4
DA:139,4
DA:140,5
DA:141,3
DA:142,3
DA:143,3
DA:144,5
DA:145,2
DA:146,2
DA:147,2
DA:148,5
DA:149,5
DA:150,90
DA:151,90
DA:152,90
DA:153,10
DA:154,10
DA:155,10
DA:156,10
DA:157,10
DA:158,10
DA:159,2
DA:160,2
DA:161,2
DA:162,2
DA:163,10
DA:164,8
DA:165,8
DA:166,8
DA:167,6
DA:168,6
DA:169,6
DA:170,6
DA:171,8
DA:172,8
DA:173,5
DA:174,5
DA:175,10
DA:176,10
DA:177,90
DA:178,90
DA:179,7
DA:180,7
DA:181,4
DA:182,4
DA:183,7
DA:184,9
DA:185,9
DA:186,9
DA:187,3
DA:188,3
DA:189,2
DA:190,90
DA:191,90
DA:192,4
DA:193,4
DA:194,4
DA:195,4
DA:196,16
DA:197,16
DA:198,16
DA:199,4
DA:200,4
DA:201,12
DA:202,12
DA:203,12
DA:204,12
DA:205,4
DA:206,4
DA:207,4
DA:208,4
DA:209,4
DA:210,4
DA:211,4
DA:212,90
DA:213,90
DA:214,8
DA:215,6
DA:216,6
DA:217,6
DA:218,6
DA:219,6
DA:220,3
DA:221,6
DA:222,6
DA:223,2
DA:224,90
DA:225,90
DA:226,90
DA:227,90
DA:228,90
DA:229,90
DA:230,9
DA:231,9
DA:232,9
DA:233,5
DA:234,5
DA:235,5
DA:236,90
DA:237,90
DA:238,10
DA:239,1
DA:240,1
DA:241,9
DA:242,9
DA:243,9
DA:244,9
DA:245,10
DA:246,12
DA:247,12
DA:248,12
DA:249,11
DA:250,7
DA:251,7
DA:252,7
DA:253,4
DA:254,2
DA:255,2
DA:256,2
DA:257,11
DA:258,12
DA:259,9
DA:260,90
DA:261,90
DA:262,10
DA:263,10
DA:264,10
DA:265,10
DA:266,10
DA:267,10
DA:268,9
DA:269,9
DA:270,10
DA:271,7
DA:272,7
DA:273,7
DA:274,7
DA:275,7
DA:276,7
DA:277,7
DA:278,7
DA:279,7
DA:280,90
DA:281,90
DA:282,11
DA:283,11
DA:284,11
DA:285,11
DA:286,11
DA:287,9
DA:288,9
DA:289,9
DA:290,9
DA:291,9
DA:292,11
DA:293,11
DA:294,90
DA:295,2
DA:296,2
LF:296
LH:296
BRDA:17,0,0,90
BRDA:41,1,0,90
BRDA:125,2,0,90
BRDA:126,3,0,85
BRDA:128,4,0,85
BRDA:134,5,0,89
BRDA:135,6,0,86
BRDA:135,7,0,89
BRDA:140,8,0,86
BRDA:140,9,0,88
BRDA:144,10,0,86
BRDA:144,11,0,87
BRDA:148,12,0,86
BRDA:94,13,0,6
BRDA:95,14,0,7
BRDA:100,15,0,13
BRDA:106,16,0,7
BRDA:106,17,0,11
BRDA:107,18,0,7
BRDA:107,19,0,9
BRDA:108,20,0,7
BRDA:109,21,0,6
BRDA:112,22,0,14
BRDA:113,23,0,12
BRDA:114,24,0,8
BRDA:114,25,0,11
BRDA:117,26,0,6
BRDA:117,27,0,10
BRDA:119,28,0,9
BRDA:120,29,0,7
BRDA:152,30,0,15
BRDA:158,31,0,13
BRDA:158,32,0,7
BRDA:160,33,0,5
BRDA:163,34,0,13
BRDA:165,35,0,12
BRDA:166,36,0,7
BRDA:166,37,0,11
BRDA:171,38,0,8
BRDA:172,39,0,10
BRDA:175,40,0,6
BRDA:169,41,0,16
BRDA:169,42,0,8
BRDA:178,43,0,12
BRDA:179,44,0,10
BRDA:180,45,0,8
BRDA:180,46,0,9
BRDA:183,47,0,14
BRDA:185,48,0,6
BRDA:186,49,0,8
BRDA:188,50,0,7
BRDA:182,51,0,17
BRDA:191,52,0,9
BRDA:195,53,0,21
BRDA:197,54,0,9
BRDA:197,55,0,5
BRDA:200,56,0,17
BRDA:203,57,0,9
BRDA:207,58,0,5
BRDA:209,59,0,5
BRDA:201,60,0,41
BRDA:213,61,0,13
BRDA:214,62,0,7
BRDA:214,63,0,11
BRDA:218,64,0,10
BRDA:219,65,0,8
BRDA:221,66,0,6
BRDA:222,67,0,7
BRDA:216,68,0,17
BRDA:229,69,0,14
BRDA:230,70,0,12
BRDA:231,71,0,7
BRDA:231,72,0,12
BRDA:232,73,0,7
BRDA:232,74,0,10
BRDA:237,75,0,15
BRDA:238,76,0,6
BRDA:240,77,0,14
BRDA:245,78,0,17
BRDA:246,79,0,5
BRDA:248,80,0,6
BRDA:248,81,0,16
BRDA:249,82,0,12
BRDA:249,83,0,12
BRDA:253,84,0,9
BRDA:253,85,0,7
BRDA:253,86,0,7
BRDA:258,87,0,14
BRDA:261,88,0,15
BRDA:267,89,0,6
BRDA:267,90,0,14
BRDA:270,91,0,7
BRDA:270,92,0,12
BRDA:262,93,0,35
BRDA:281,94,0,16
BRDA:282,95,0,6
BRDA:283,96,0,15
BRDA:283,97,0,7
BRDA:285,98,0,6
BRDA:285,99,0,15
BRDA:286,100,0,6
BRDA:286,101,0,14
BRDA:292,102,0,6
BRF:103
BRH:103
end_of_record
