TN:
SF:src\Booking.js
FN:17,<instance_members_initializer>
FN:43,Booking
FN:99,validateRequiredEntities
FN:114,validateHall
FN:127,validateEventDate
FN:152,validateTimeSlot
FN:178,validateDishes
FN:191,validateDishCategories
FN:213,validateServices
FN:227,calculateBasePrice
FN:235,applyPromotions
FN:251,applyPaidServices
FN:271,calculateTotals
FNF:13
FNH:4
FNDA:29,<instance_members_initializer>
FNDA:29,Booking
FNDA:0,validateRequiredEntities
FNDA:12,validateHall
FNDA:8,validateEventDate
FNDA:0,validateTimeSlot
FNDA:0,validateDishes
FNDA:0,validateDishCategories
FNDA:0,validateServices
FNDA:0,calculateBasePrice
FNDA:0,applyPromotions
FNDA:0,applyPaidServices
FNDA:0,calculateTotals
DA:1,1
DA:2,1
DA:3,1
DA:4,1
DA:5,1
DA:6,1
DA:7,1
DA:8,1
DA:9,1
DA:10,1
DA:11,1
DA:12,1
DA:13,1
DA:14,1
DA:15,1
DA:16,1
DA:17,1
DA:18,29
DA:19,29
DA:20,29
DA:21,29
DA:22,29
DA:23,29
DA:24,29
DA:25,29
DA:26,29
DA:27,29
DA:28,29
DA:29,29
DA:30,29
DA:31,29
DA:32,29
DA:33,29
DA:34,29
DA:35,29
DA:36,29
DA:37,29
DA:38,29
DA:39,29
DA:40,29
DA:41,29
DA:42,29
DA:43,29
DA:44,29
DA:45,29
DA:46,29
DA:47,29
DA:48,29
DA:49,29
DA:50,29
DA:51,29
DA:52,29
DA:53,29
DA:54,29
DA:55,29
DA:56,29
DA:57,29
DA:58,29
DA:59,29
DA:60,29
DA:61,29
DA:62,29
DA:63,29
DA:64,29
DA:65,29
DA:66,29
DA:67,29
DA:68,29
DA:69,29
DA:70,29
DA:71,29
DA:72,29
DA:73,29
DA:74,29
DA:75,29
DA:76,29
DA:77,29
DA:78,29
DA:79,29
DA:80,29
DA:81,29
DA:82,29
DA:83,29
DA:84,29
DA:85,29
DA:86,29
DA:87,29
DA:88,29
DA:89,29
DA:90,29
DA:91,29
DA:92,29
DA:93,29
DA:94,29
DA:95,29
DA:96,29
DA:97,29
DA:98,29
DA:99,29
DA:100,0
DA:101,0
DA:102,0
DA:103,0
DA:104,0
DA:105,0
DA:106,0
DA:107,0
DA:108,0
DA:109,0
DA:110,0
DA:111,0
DA:112,0
DA:113,29
DA:114,29
DA:115,12
DA:116,12
DA:117,11
DA:118,11
DA:119,12
DA:120,9
DA:121,12
DA:122,12
DA:123,5
DA:124,5
DA:125,12
DA:126,29
DA:127,29
DA:128,8
DA:129,8
DA:130,8
DA:131,8
DA:132,8
DA:133,8
DA:134,8
DA:135,8
DA:136,7
DA:137,7
DA:138,7
DA:139,7
DA:140,8
DA:141,0
DA:142,0
DA:143,8
DA:144,6
DA:145,6
DA:146,8
DA:147,4
DA:148,4
DA:149,8
DA:150,8
DA:151,29
DA:152,29
DA:153,0
DA:154,0
DA:155,0
DA:156,0
DA:157,0
DA:158,0
DA:159,0
DA:160,0
DA:161,0
DA:162,0
DA:163,0
DA:164,0
DA:165,0
DA:166,0
DA:167,0
DA:168,0
DA:169,0
DA:170,0
DA:171,0
DA:172,0
DA:173,0
DA:174,0
DA:175,0
DA:176,0
DA:177,29
DA:178,29
DA:179,0
DA:180,0
DA:181,0
DA:182,0
DA:183,0
DA:184,0
DA:185,0
DA:186,0
DA:187,0
DA:188,0
DA:189,0
DA:190,29
DA:191,29
DA:192,0
DA:193,0
DA:194,0
DA:195,0
DA:196,0
DA:197,0
DA:198,0
DA:199,0
DA:200,0
DA:201,0
DA:202,0
DA:203,0
DA:204,0
DA:205,0
DA:206,0
DA:207,0
DA:208,0
DA:209,0
DA:210,0
DA:211,0
DA:212,29
DA:213,29
DA:214,0
DA:215,0
DA:216,0
DA:217,0
DA:218,0
DA:219,0
DA:220,0
DA:221,0
DA:222,0
DA:223,0
DA:224,29
DA:225,29
DA:226,29
DA:227,29
DA:228,0
DA:229,0
DA:230,0
DA:231,0
DA:232,0
DA:233,0
DA:234,29
DA:235,29
DA:236,0
DA:237,0
DA:238,0
DA:239,0
DA:240,0
DA:241,0
DA:242,0
DA:243,0
DA:244,0
DA:245,0
DA:246,0
DA:247,0
DA:248,0
DA:249,0
DA:250,29
DA:251,29
DA:252,0
DA:253,0
DA:254,0
DA:255,0
DA:256,0
DA:257,0
DA:258,0
DA:259,0
DA:260,0
DA:261,0
DA:262,0
DA:263,0
DA:264,0
DA:265,0
DA:266,0
DA:267,0
DA:268,0
DA:269,0
DA:270,29
DA:271,29
DA:272,0
DA:273,0
DA:274,0
DA:275,0
DA:276,0
DA:277,0
DA:278,0
DA:279,0
DA:280,0
DA:281,0
DA:282,0
DA:283,0
DA:284,29
DA:285,1
DA:286,1
LF:286
LH:156
BRDA:17,0,0,29
BRDA:43,1,0,29
BRDA:114,2,0,12
BRDA:115,3,0,11
BRDA:116,4,0,1
BRDA:116,5,0,11
BRDA:119,6,0,2
BRDA:119,7,0,9
BRDA:121,8,0,6
BRDA:122,9,0,5
BRDA:127,10,0,8
BRDA:128,11,0,0
BRDA:129,12,0,0
BRDA:134,13,0,7
BRDA:135,14,0,1
BRDA:135,15,0,7
BRDA:140,16,0,0
BRDA:142,17,0,7
BRDA:143,18,0,1
BRDA:143,19,0,6
BRDA:146,20,0,2
BRDA:146,21,0,4
BRDA:149,22,0,1
BRF:23
BRH:20
end_of_record
